<?xml version="1.0" encoding="UTF-8"?>
<!-- Generated by org.testng.reporters.JUnitReportReporter -->
<testsuite skipped="0" hostname="WIN-NFDCINOH1RK" name="hdc2demo.FacebookDemo" tests="1" failures="0" timestamp="2020-02-06T05:06:28 UTC" time="0.015" errors="0">
  <testcase name="f" time="0.015" classname="hdc2demo.FacebookDemo"/>
</testsuite> <!-- hdc2demo.FacebookDemo -->
