<?xml version="1.0" encoding="UTF-8"?>
<!-- Generated by org.testng.reporters.JUnitReportReporter -->
<testsuite skipped="0" hostname="WIN-NFDCINOH1RK" name="hdc2demo.ExcelDemo" tests="1" failures="0" timestamp="2020-02-06T11:53:09 UTC" time="1.234" errors="0">
  <testcase name="f" time="1.234" classname="hdc2demo.ExcelDemo"/>
</testsuite> <!-- hdc2demo.ExcelDemo -->
