<?xml version="1.0" encoding="UTF-8"?>
<!-- Generated by org.testng.reporters.JUnitReportReporter -->
<testsuite skipped="0" hostname="WIN-NFDCINOH1RK" name="hdc2demo.AnnotationsDemo" tests="2" failures="0" timestamp="2020-02-06T08:38:24 UTC" time="0.009" errors="0">
  <testcase name="logout" time="0.002" classname="hdc2demo.AnnotationsDemo"/>
  <testcase name="login" time="0.007" classname="hdc2demo.AnnotationsDemo"/>
</testsuite> <!-- hdc2demo.AnnotationsDemo -->
