<?xml version="1.0" encoding="UTF-8"?>
<!-- Generated by org.testng.reporters.JUnitReportReporter -->
<testsuite skipped="0" hostname="WIN-NFDCINOH1RK" name="casestudy.Casestudy6" tests="1" failures="0" timestamp="2020-02-07T09:56:28 UTC" time="14.630" errors="0">
  <testcase name="testPayment" time="14.630" classname="casestudy.Casestudy6"/>
</testsuite> <!-- casestudy.Casestudy6 -->
