<?xml version="1.0" encoding="UTF-8"?>
<!-- Generated by org.testng.reporters.JUnitReportReporter -->
<testsuite skipped="0" hostname="WIN-NFDCINOH1RK" name="hdc2demo.Handson3" tests="3" failures="0" timestamp="2020-02-06T05:06:28 UTC" time="26.532" errors="0">
  <testcase name="regWebShop" time="8.064" classname="hdc2demo.Handson3"/>
  <testcase name="regWebShop" time="9.905" classname="hdc2demo.Handson3"/>
  <testcase name="regWebShop" time="8.563" classname="hdc2demo.Handson3"/>
</testsuite> <!-- hdc2demo.Handson3 -->
