<?xml version="1.0" encoding="UTF-8"?>
<!-- Generated by org.testng.reporters.JUnitReportReporter -->
<testsuite skipped="1" hostname="WIN-NFDCINOH1RK" name="casestudy.CaseStudy5" tests="4" failures="0" timestamp="2020-02-11T06:46:02 UTC" time="23.400" errors="0">
  <testcase name="testLogin" time="10.107" classname="casestudy.CaseStudy5"/>
  <testcase name="testCart" time="6.308" classname="casestudy.CaseStudy5"/>
  <testcase name="testPayment" time="6.985" classname="casestudy.CaseStudy5"/>
  <testcase name="testRegistration" classname="casestudy.CaseStudy5">
    <skipped/>
  </testcase> <!-- testRegistration -->
</testsuite> <!-- casestudy.CaseStudy5 -->
