<?xml version="1.0" encoding="UTF-8"?>
<!-- Generated by org.testng.reporters.JUnitReportReporter -->
<testsuite skipped="0" hostname="WIN-NFDCINOH1RK" name="hdc2demo.Handson1" tests="1" failures="0" timestamp="2020-02-06T05:06:28 UTC" time="10.889" errors="0">
  <testcase name="webShop" time="10.889" classname="hdc2demo.Handson1"/>
</testsuite> <!-- hdc2demo.Handson1 -->
