<?xml version="1.0" encoding="UTF-8"?>
<!-- Generated by org.testng.reporters.JUnitReportReporter -->
<testsuite skipped="0" hostname="WIN-NFDCINOH1RK" name="casestudy.CaseStudy4" tests="1" failures="0" timestamp="2020-02-11T03:53:29 UTC" time="9.203" errors="0">
  <testcase name="testLogin" time="9.203" classname="casestudy.CaseStudy4"/>
</testsuite> <!-- casestudy.CaseStudy4 -->
