<?xml version="1.0" encoding="UTF-8"?>
<!-- Generated by org.testng.reporters.JUnitReportReporter -->
<testsuite skipped="1" hostname="WIN-NFDCINOH1RK" name="hdc2demo.testngdemo1" tests="3" failures="0" timestamp="2020-02-04T09:52:35 UTC" time="0.020" errors="0">
  <testcase name="registration" time="0.018" classname="hdc2demo.testngdemo1"/>
  <testcase name="login" time="0.002" classname="hdc2demo.testngdemo1"/>
  <testcase name="logout" classname="hdc2demo.testngdemo1">
    <skipped/>
  </testcase> <!-- logout -->
</testsuite> <!-- hdc2demo.testngdemo1 -->
