<?xml version="1.0" encoding="UTF-8"?>
<!-- Generated by org.testng.reporters.JUnitReportReporter -->
<testsuite skipped="0" hostname="WIN-NFDCINOH1RK" name="hdc2demo.Handson2" tests="1" failures="0" timestamp="2020-02-06T03:39:15 UTC" time="6.426" errors="0">
  <testcase name="testMe" time="6.426" classname="hdc2demo.Handson2"/>
</testsuite> <!-- hdc2demo.Handson2 -->
